<?xml version="1.0" encoding="UTF-8"?>
<testsuite xmlns:xsi="http://www.w3.org/2001/XMLSchema-instance" xsi:noNamespaceSchemaLocation="https://maven.apache.org/surefire/maven-surefire-plugin/xsd/surefire-test-report.xsd" name="cn.test.JwtTest" time="0.073" tests="3" errors="3" skipped="0" failures="0">
  <properties>
    <property name="sun.desktop" value="windows"/>
    <property name="awt.toolkit" value="sun.awt.windows.WToolkit"/>
    <property name="file.encoding.pkg" value="sun.io"/>
    <property name="java.specification.version" value="1.8"/>
    <property name="sun.cpu.isalist" value="amd64"/>
    <property name="sun.jnu.encoding" value="GBK"/>
    <property name="java.class.path" value="F:\idea\aiyou\aiyou-auth\aiyou-auth-common\target\test-classes;F:\idea\aiyou\aiyou-auth\aiyou-auth-common\target\classes;F:\maven\maven_repository\org\apache\commons\commons-lang3\3.7\commons-lang3-3.7.jar;F:\maven\maven_repository\io\jsonwebtoken\jjwt\0.9.0\jjwt-0.9.0.jar;F:\maven\maven_repository\com\fasterxml\jackson\core\jackson-databind\2.9.7\jackson-databind-2.9.7.jar;F:\maven\maven_repository\com\fasterxml\jackson\core\jackson-annotations\2.9.0\jackson-annotations-2.9.0.jar;F:\maven\maven_repository\com\fasterxml\jackson\core\jackson-core\2.9.7\jackson-core-2.9.7.jar;F:\maven\maven_repository\joda-time\joda-time\2.9.9\joda-time-2.9.9.jar;F:\maven\maven_repository\org\springframework\boot\spring-boot-starter-test\2.0.6.RELEASE\spring-boot-starter-test-2.0.6.RELEASE.jar;F:\maven\maven_repository\org\springframework\boot\spring-boot-starter\2.0.6.RELEASE\spring-boot-starter-2.0.6.RELEASE.jar;F:\maven\maven_repository\org\springframework\boot\spring-boot\2.0.6.RELEASE\spring-boot-2.0.6.RELEASE.jar;F:\maven\maven_repository\org\springframework\spring-context\5.0.10.RELEASE\spring-context-5.0.10.RELEASE.jar;F:\maven\maven_repository\org\springframework\spring-aop\5.0.10.RELEASE\spring-aop-5.0.10.RELEASE.jar;F:\maven\maven_repository\org\springframework\spring-beans\5.0.10.RELEASE\spring-beans-5.0.10.RELEASE.jar;F:\maven\maven_repository\org\springframework\spring-expression\5.0.10.RELEASE\spring-expression-5.0.10.RELEASE.jar;F:\maven\maven_repository\org\springframework\boot\spring-boot-autoconfigure\2.0.6.RELEASE\spring-boot-autoconfigure-2.0.6.RELEASE.jar;F:\maven\maven_repository\org\springframework\boot\spring-boot-starter-logging\2.0.6.RELEASE\spring-boot-starter-logging-2.0.6.RELEASE.jar;F:\maven\maven_repository\ch\qos\logback\logback-classic\1.2.3\logback-classic-1.2.3.jar;F:\maven\maven_repository\ch\qos\logback\logback-core\1.2.3\logback-core-1.2.3.jar;F:\maven\maven_repository\org\apache\logging\log4j\log4j-to-slf4j\2.10.0\log4j-to-slf4j-2.10.0.jar;F:\maven\maven_repository\org\apache\logging\log4j\log4j-api\2.10.0\log4j-api-2.10.0.jar;F:\maven\maven_repository\org\slf4j\jul-to-slf4j\1.7.25\jul-to-slf4j-1.7.25.jar;F:\maven\maven_repository\javax\annotation\javax.annotation-api\1.3.2\javax.annotation-api-1.3.2.jar;F:\maven\maven_repository\org\yaml\snakeyaml\1.19\snakeyaml-1.19.jar;F:\maven\maven_repository\org\springframework\boot\spring-boot-test\2.0.6.RELEASE\spring-boot-test-2.0.6.RELEASE.jar;F:\maven\maven_repository\org\springframework\boot\spring-boot-test-autoconfigure\2.0.6.RELEASE\spring-boot-test-autoconfigure-2.0.6.RELEASE.jar;F:\maven\maven_repository\com\jayway\jsonpath\json-path\2.4.0\json-path-2.4.0.jar;F:\maven\maven_repository\net\minidev\json-smart\2.3\json-smart-2.3.jar;F:\maven\maven_repository\net\minidev\accessors-smart\1.2\accessors-smart-1.2.jar;F:\maven\maven_repository\org\ow2\asm\asm\5.0.4\asm-5.0.4.jar;F:\maven\maven_repository\org\slf4j\slf4j-api\1.7.25\slf4j-api-1.7.25.jar;F:\maven\maven_repository\junit\junit\4.12\junit-4.12.jar;F:\maven\maven_repository\org\assertj\assertj-core\3.9.1\assertj-core-3.9.1.jar;F:\maven\maven_repository\org\mockito\mockito-core\2.15.0\mockito-core-2.15.0.jar;F:\maven\maven_repository\net\bytebuddy\byte-buddy\1.7.11\byte-buddy-1.7.11.jar;F:\maven\maven_repository\net\bytebuddy\byte-buddy-agent\1.7.11\byte-buddy-agent-1.7.11.jar;F:\maven\maven_repository\org\objenesis\objenesis\2.6\objenesis-2.6.jar;F:\maven\maven_repository\org\hamcrest\hamcrest-core\1.3\hamcrest-core-1.3.jar;F:\maven\maven_repository\org\hamcrest\hamcrest-library\1.3\hamcrest-library-1.3.jar;F:\maven\maven_repository\org\skyscreamer\jsonassert\1.5.0\jsonassert-1.5.0.jar;F:\maven\maven_repository\com\vaadin\external\google\android-json\0.0.20131108.vaadin1\android-json-0.0.20131108.vaadin1.jar;F:\maven\maven_repository\org\springframework\spring-core\5.0.10.RELEASE\spring-core-5.0.10.RELEASE.jar;F:\maven\maven_repository\org\springframework\spring-jcl\5.0.10.RELEASE\spring-jcl-5.0.10.RELEASE.jar;F:\maven\maven_repository\org\springframework\spring-test\5.0.10.RELEASE\spring-test-5.0.10.RELEASE.jar;F:\maven\maven_repository\org\xmlunit\xmlunit-core\2.5.1\xmlunit-core-2.5.1.jar;F:\maven\maven_repository\javax\xml\bind\jaxb-api\2.3.0\jaxb-api-2.3.0.jar;F:\maven\maven_repository\com\sun\xml\bind\jaxb-impl\2.3.0\jaxb-impl-2.3.0.jar;F:\maven\maven_repository\com\sun\xml\bind\jaxb-core\2.3.0\jaxb-core-2.3.0.jar;F:\maven\maven_repository\javax\activation\activation\1.1.1\activation-1.1.1.jar;"/>
    <property name="java.vm.vendor" value="Oracle Corporation"/>
    <property name="sun.arch.data.model" value="64"/>
    <property name="user.variant" value=""/>
    <property name="java.vendor.url" value="http://java.oracle.com/"/>
    <property name="user.timezone" value=""/>
    <property name="java.vm.specification.version" value="1.8"/>
    <property name="os.name" value="Windows 10"/>
    <property name="user.country" value="CN"/>
    <property name="sun.java.launcher" value="SUN_STANDARD"/>
    <property name="sun.boot.library.path" value="D:\java_dev\Java\jdk1.8.0_111\jre\bin"/>
    <property name="sun.java.command" value="C:\Users\c3389\AppData\Local\Temp\surefire6819411464031217536\surefirebooter3079742717039785397.jar C:\Users\c3389\AppData\Local\Temp\surefire6819411464031217536 2020-05-16T16-50-21_906-jvmRun1 surefire8113602036805435680tmp surefire_07415258824588761204tmp"/>
    <property name="surefire.test.class.path" value="F:\idea\aiyou\aiyou-auth\aiyou-auth-common\target\test-classes;F:\idea\aiyou\aiyou-auth\aiyou-auth-common\target\classes;F:\maven\maven_repository\org\apache\commons\commons-lang3\3.7\commons-lang3-3.7.jar;F:\maven\maven_repository\io\jsonwebtoken\jjwt\0.9.0\jjwt-0.9.0.jar;F:\maven\maven_repository\com\fasterxml\jackson\core\jackson-databind\2.9.7\jackson-databind-2.9.7.jar;F:\maven\maven_repository\com\fasterxml\jackson\core\jackson-annotations\2.9.0\jackson-annotations-2.9.0.jar;F:\maven\maven_repository\com\fasterxml\jackson\core\jackson-core\2.9.7\jackson-core-2.9.7.jar;F:\maven\maven_repository\joda-time\joda-time\2.9.9\joda-time-2.9.9.jar;F:\maven\maven_repository\org\springframework\boot\spring-boot-starter-test\2.0.6.RELEASE\spring-boot-starter-test-2.0.6.RELEASE.jar;F:\maven\maven_repository\org\springframework\boot\spring-boot-starter\2.0.6.RELEASE\spring-boot-starter-2.0.6.RELEASE.jar;F:\maven\maven_repository\org\springframework\boot\spring-boot\2.0.6.RELEASE\spring-boot-2.0.6.RELEASE.jar;F:\maven\maven_repository\org\springframework\spring-context\5.0.10.RELEASE\spring-context-5.0.10.RELEASE.jar;F:\maven\maven_repository\org\springframework\spring-aop\5.0.10.RELEASE\spring-aop-5.0.10.RELEASE.jar;F:\maven\maven_repository\org\springframework\spring-beans\5.0.10.RELEASE\spring-beans-5.0.10.RELEASE.jar;F:\maven\maven_repository\org\springframework\spring-expression\5.0.10.RELEASE\spring-expression-5.0.10.RELEASE.jar;F:\maven\maven_repository\org\springframework\boot\spring-boot-autoconfigure\2.0.6.RELEASE\spring-boot-autoconfigure-2.0.6.RELEASE.jar;F:\maven\maven_repository\org\springframework\boot\spring-boot-starter-logging\2.0.6.RELEASE\spring-boot-starter-logging-2.0.6.RELEASE.jar;F:\maven\maven_repository\ch\qos\logback\logback-classic\1.2.3\logback-classic-1.2.3.jar;F:\maven\maven_repository\ch\qos\logback\logback-core\1.2.3\logback-core-1.2.3.jar;F:\maven\maven_repository\org\apache\logging\log4j\log4j-to-slf4j\2.10.0\log4j-to-slf4j-2.10.0.jar;F:\maven\maven_repository\org\apache\logging\log4j\log4j-api\2.10.0\log4j-api-2.10.0.jar;F:\maven\maven_repository\org\slf4j\jul-to-slf4j\1.7.25\jul-to-slf4j-1.7.25.jar;F:\maven\maven_repository\javax\annotation\javax.annotation-api\1.3.2\javax.annotation-api-1.3.2.jar;F:\maven\maven_repository\org\yaml\snakeyaml\1.19\snakeyaml-1.19.jar;F:\maven\maven_repository\org\springframework\boot\spring-boot-test\2.0.6.RELEASE\spring-boot-test-2.0.6.RELEASE.jar;F:\maven\maven_repository\org\springframework\boot\spring-boot-test-autoconfigure\2.0.6.RELEASE\spring-boot-test-autoconfigure-2.0.6.RELEASE.jar;F:\maven\maven_repository\com\jayway\jsonpath\json-path\2.4.0\json-path-2.4.0.jar;F:\maven\maven_repository\net\minidev\json-smart\2.3\json-smart-2.3.jar;F:\maven\maven_repository\net\minidev\accessors-smart\1.2\accessors-smart-1.2.jar;F:\maven\maven_repository\org\ow2\asm\asm\5.0.4\asm-5.0.4.jar;F:\maven\maven_repository\org\slf4j\slf4j-api\1.7.25\slf4j-api-1.7.25.jar;F:\maven\maven_repository\junit\junit\4.12\junit-4.12.jar;F:\maven\maven_repository\org\assertj\assertj-core\3.9.1\assertj-core-3.9.1.jar;F:\maven\maven_repository\org\mockito\mockito-core\2.15.0\mockito-core-2.15.0.jar;F:\maven\maven_repository\net\bytebuddy\byte-buddy\1.7.11\byte-buddy-1.7.11.jar;F:\maven\maven_repository\net\bytebuddy\byte-buddy-agent\1.7.11\byte-buddy-agent-1.7.11.jar;F:\maven\maven_repository\org\objenesis\objenesis\2.6\objenesis-2.6.jar;F:\maven\maven_repository\org\hamcrest\hamcrest-core\1.3\hamcrest-core-1.3.jar;F:\maven\maven_repository\org\hamcrest\hamcrest-library\1.3\hamcrest-library-1.3.jar;F:\maven\maven_repository\org\skyscreamer\jsonassert\1.5.0\jsonassert-1.5.0.jar;F:\maven\maven_repository\com\vaadin\external\google\android-json\0.0.20131108.vaadin1\android-json-0.0.20131108.vaadin1.jar;F:\maven\maven_repository\org\springframework\spring-core\5.0.10.RELEASE\spring-core-5.0.10.RELEASE.jar;F:\maven\maven_repository\org\springframework\spring-jcl\5.0.10.RELEASE\spring-jcl-5.0.10.RELEASE.jar;F:\maven\maven_repository\org\springframework\spring-test\5.0.10.RELEASE\spring-test-5.0.10.RELEASE.jar;F:\maven\maven_repository\org\xmlunit\xmlunit-core\2.5.1\xmlunit-core-2.5.1.jar;F:\maven\maven_repository\javax\xml\bind\jaxb-api\2.3.0\jaxb-api-2.3.0.jar;F:\maven\maven_repository\com\sun\xml\bind\jaxb-impl\2.3.0\jaxb-impl-2.3.0.jar;F:\maven\maven_repository\com\sun\xml\bind\jaxb-core\2.3.0\jaxb-core-2.3.0.jar;F:\maven\maven_repository\javax\activation\activation\1.1.1\activation-1.1.1.jar;"/>
    <property name="sun.cpu.endian" value="little"/>
    <property name="user.home" value="C:\Users\c3389"/>
    <property name="user.language" value="zh"/>
    <property name="java.specification.vendor" value="Oracle Corporation"/>
    <property name="java.home" value="D:\java_dev\Java\jdk1.8.0_111\jre"/>
    <property name="basedir" value="F:\idea\aiyou\aiyou-auth\aiyou-auth-common"/>
    <property name="file.separator" value="\"/>
    <property name="line.separator" value="&#10;"/>
    <property name="idea.version2019.2.4" value="true"/>
    <property name="java.vm.specification.vendor" value="Oracle Corporation"/>
    <property name="java.specification.name" value="Java Platform API Specification"/>
    <property name="java.awt.graphicsenv" value="sun.awt.Win32GraphicsEnvironment"/>
    <property name="surefire.real.class.path" value="C:\Users\c3389\AppData\Local\Temp\surefire6819411464031217536\surefirebooter3079742717039785397.jar"/>
    <property name="sun.boot.class.path" value="D:\java_dev\Java\jdk1.8.0_111\jre\lib\resources.jar;D:\java_dev\Java\jdk1.8.0_111\jre\lib\rt.jar;D:\java_dev\Java\jdk1.8.0_111\jre\lib\sunrsasign.jar;D:\java_dev\Java\jdk1.8.0_111\jre\lib\jsse.jar;D:\java_dev\Java\jdk1.8.0_111\jre\lib\jce.jar;D:\java_dev\Java\jdk1.8.0_111\jre\lib\charsets.jar;D:\java_dev\Java\jdk1.8.0_111\jre\lib\jfr.jar;D:\java_dev\Java\jdk1.8.0_111\jre\classes"/>
    <property name="user.script" value=""/>
    <property name="sun.management.compiler" value="HotSpot 64-Bit Tiered Compilers"/>
    <property name="java.runtime.version" value="1.8.0_111-b14"/>
    <property name="user.name" value="薛沁松"/>
    <property name="path.separator" value=";"/>
    <property name="os.version" value="10.0"/>
    <property name="java.endorsed.dirs" value="D:\java_dev\Java\jdk1.8.0_111\jre\lib\endorsed"/>
    <property name="java.runtime.name" value="Java(TM) SE Runtime Environment"/>
    <property name="file.encoding" value="GBK"/>
    <property name="java.vm.name" value="Java HotSpot(TM) 64-Bit Server VM"/>
    <property name="localRepository" value="F:\maven\maven_repository"/>
    <property name="java.vendor.url.bug" value="http://bugreport.sun.com/bugreport/"/>
    <property name="java.io.tmpdir" value="C:\Users\c3389\AppData\Local\Temp\"/>
    <property name="java.version" value="1.8.0_111"/>
    <property name="user.dir" value="F:\idea\aiyou\aiyou-auth\aiyou-auth-common"/>
    <property name="os.arch" value="amd64"/>
    <property name="java.vm.specification.name" value="Java Virtual Machine Specification"/>
    <property name="java.awt.printerjob" value="sun.awt.windows.WPrinterJob"/>
    <property name="sun.os.patch.level" value=""/>
    <property name="java.library.path" value="D:\java_dev\Java\jdk1.8.0_111\jre\bin;C:\WINDOWS\Sun\Java\bin;C:\WINDOWS\system32;C:\WINDOWS;C:\ProgramData\Oracle\Java\javapath;C:\Program Files (x86)\Intel\iCLS Client\;C:\Program Files\Intel\iCLS Client\;C:\Windows\system32;C:\Windows;C:\Windows\System32\Wbem;C:\Windows\System32\WindowsPowerShell\v1.0\;C:\Program Files (x86)\NVIDIA Corporation\PhysX\Common;C:\Program Files (x86)\Intel\Intel(R) Management Engine Components\DAL;C:\Program Files\Intel\Intel(R) Management Engine Components\DAL;C:\Program Files (x86)\Intel\Intel(R) Management Engine Components\IPT;C:\Program Files\Intel\Intel(R) Management Engine Components\IPT;C:\Program Files\Intel\WiFi\bin\;C:\Program Files\Common Files\Intel\WirelessCommon\;C:\WINDOWS\system32;C:\WINDOWS;C:\WINDOWS\System32\Wbem;C:\WINDOWS\System32\WindowsPowerShell\v1.0\;C:\Program Files\MySQL\MySQL Utilities 1.6\;C:\WINDOWS\System32\OpenSSH\;C:\Program Files\dotnet\;C:\Users\c3389\AppData\Local\Android\Sdk\platform-tools;C:\Program Files\MySQL\MySQL Server 5.7\bin;F:\maven\apache-maven-3.6.1\bin;F:\node\;F:\Gogo\bin;F:\go\bin;F:\Github desktop\Git\cmd;D:\Tools\WinNT;D:\MSDev98\Bin;D:\Tools;D:\Microsoft Visual Studio\VC98\bin;D:\java_dev\Java\jdk1.8.0_111\bin;C:\Users\c3389\AppData\Local\Microsoft\WindowsApps;C:\Users\c3389\AppData\Local\GitHubDesktop\bin;F:\idea\IntelliJ IDEA 2019.1.3\bin;C:\Users\c3389\AppData\Local\Microsoft\WindowsApps;C:\Users\c3389\AppData\Roaming\npm;C:\Users\c3389\go\bin;F:\go\bin;C:\Microsoft VS Code\bin;F:\Fiddler;F:\Docker Toolbox;F:\Docker Toolbox;F:\Docker Toolbox;C:\Users\c3389\AppData\Local\BypassRuntm;."/>
    <property name="java.vm.info" value="mixed mode"/>
    <property name="java.vendor" value="Oracle Corporation"/>
    <property name="java.vm.version" value="25.111-b14"/>
    <property name="java.ext.dirs" value="D:\java_dev\Java\jdk1.8.0_111\jre\lib\ext;C:\WINDOWS\Sun\Java\lib\ext"/>
    <property name="sun.io.unicode.encoding" value="UnicodeLittle"/>
    <property name="maven.repo.local" value="F:\maven\maven_repository"/>
    <property name="java.class.version" value="52.0"/>
  </properties>
  <testcase name="testParseToken" classname="cn.test.JwtTest" time="0.017">
    <error message="F:\idea\aiyou\rsa\rsa.pub" type="java.nio.file.NoSuchFileException">java.nio.file.NoSuchFileException: F:\idea\aiyou\rsa\rsa.pub
	at cn.test.JwtTest.testGetRsa(JwtTest.java:29)
</error>
  </testcase>
  <testcase name="testRsa" classname="cn.test.JwtTest" time="0">
    <error message="F:\idea\aiyou\rsa\rsa.pub" type="java.nio.file.NoSuchFileException">java.nio.file.NoSuchFileException: F:\idea\aiyou\rsa\rsa.pub
	at cn.test.JwtTest.testGetRsa(JwtTest.java:29)
</error>
  </testcase>
  <testcase name="testGenerateToken" classname="cn.test.JwtTest" time="0">
    <error message="F:\idea\aiyou\rsa\rsa.pub" type="java.nio.file.NoSuchFileException">java.nio.file.NoSuchFileException: F:\idea\aiyou\rsa\rsa.pub
	at cn.test.JwtTest.testGetRsa(JwtTest.java:29)
</error>
  </testcase>
</testsuite>